acl
adduser
apt
base-files
base-passwd
bash
bsdutils
coreutils
dash
debconf
debconf-i18n
debian-archive-keyring
debianutils
diffutils
dmsetup
dpkg
e2fslibs
e2fsprogs
findutils
gcc-4.8-base
gcc-4.9-base
gnupg
gpgv
grep
gzip
hostname
inetutils-ping
init
initscripts
insserv
iproute2
libacl1
libapt-pkg4.12
libattr1
libaudit-common
libaudit1
libblkid1
libbz2-1.0
libc-bin
libc6
libcap2
libcap2-bin
libcomerr2
libcryptsetup4
libdb5.3
libdebconfclient0
libdevmapper1.02.1
libgcc1
libgcrypt20
libgpg-error0
libkmod2
liblocale-gettext-perl
liblzma5
libmount1
libncurses5
libncursesw5
libpam-modules
libpam-modules-bin
libpam-runtime
libpam0g
libpcre3
libprocps3
libreadline6
libselinux1
libsemanage-common
libsemanage1
libsepol1
libslang2
libsmartcols1
libss2
libstdc++6
libsystemd0
libtext-charwidth-perl
libtext-iconv-perl
libtext-wrapi18n-perl
libtinfo5
libudev1
libusb-0.1-4
libustr-1.0-1
libuuid1
login
lsb-base
mawk
mount
multiarch-support
ncurses-base
ncurses-bin
netbase
passwd
perl-base
procps
readline-common
sed
sensible-utils
startpar
systemd
systemd-sysv
sysv-rc
sysvinit-utils
tar
tzdata
udev
util-linux
zlib1g
